2022-05-13 00:01:58.373  INFO 4252 --- [RMI TCP Connection(247)-127.0.0.1] inMXBeanRegistrar$SpringApplicationAdmin : Application shutdown requested.
2022-05-13 00:01:58.430  INFO 4252 --- [RMI TCP Connection(247)-127.0.0.1] j.LocalContainerEntityManagerFactoryBean : Closing JPA EntityManagerFactory for persistence unit 'default'
2022-05-13 00:01:58.433  INFO 4252 --- [RMI TCP Connection(247)-127.0.0.1] com.zaxxer.hikari.HikariDataSource       : HikariPool-79 - Shutdown initiated...
2022-05-13 00:01:58.436  INFO 4252 --- [RMI TCP Connection(247)-127.0.0.1] com.zaxxer.hikari.HikariDataSource       : HikariPool-79 - Shutdown completed.
2022-05-13 00:03:32.176  INFO 20192 --- [restartedMain] kr.co.farmstory.FarmstoryApplication     : Starting FarmstoryApplication using Java 17.0.2 on DESKTOP-K76KONN with PID 20192 (C:\Users\rkdxo\Desktop\Workspace\Spring\Farmstory\target\classes started by rkdxo in C:\Users\rkdxo\Desktop\Workspace\Spring\Farmstory)
2022-05-13 00:03:32.179  INFO 20192 --- [restartedMain] kr.co.farmstory.FarmstoryApplication     : No active profile set, falling back to 1 default profile: "default"
2022-05-13 00:03:32.406  INFO 20192 --- [restartedMain] .e.DevToolsPropertyDefaultsPostProcessor : Devtools property defaults active! Set 'spring.devtools.add-properties' to 'false' to disable
2022-05-13 00:03:32.407  INFO 20192 --- [restartedMain] .e.DevToolsPropertyDefaultsPostProcessor : For additional web related logging consider setting the 'logging.level.web' property to 'DEBUG'
2022-05-13 00:03:39.324  INFO 18648 --- [restartedMain] kr.co.farmstory.FarmstoryApplication     : Starting FarmstoryApplication using Java 17.0.2 on DESKTOP-K76KONN with PID 18648 (C:\Users\rkdxo\Desktop\Workspace\Spring\Farmstory\target\classes started by rkdxo in C:\Users\rkdxo\Desktop\Workspace\Spring\Farmstory)
2022-05-13 00:03:39.326  INFO 18648 --- [restartedMain] kr.co.farmstory.FarmstoryApplication     : No active profile set, falling back to 1 default profile: "default"
2022-05-13 00:03:39.719  INFO 18648 --- [restartedMain] .e.DevToolsPropertyDefaultsPostProcessor : Devtools property defaults active! Set 'spring.devtools.add-properties' to 'false' to disable
2022-05-13 00:03:39.720  INFO 18648 --- [restartedMain] .e.DevToolsPropertyDefaultsPostProcessor : For additional web related logging consider setting the 'logging.level.web' property to 'DEBUG'
2022-05-13 00:03:40.777  INFO 20192 --- [restartedMain] .s.d.r.c.RepositoryConfigurationDelegate : Bootstrapping Spring Data JPA repositories in DEFAULT mode.
2022-05-13 00:03:40.945  INFO 20192 --- [restartedMain] .s.d.r.c.RepositoryConfigurationDelegate : Finished Spring Data repository scanning in 143 ms. Found 0 JPA repository interfaces.
2022-05-13 00:03:45.245  INFO 18648 --- [restartedMain] .s.d.r.c.RepositoryConfigurationDelegate : Bootstrapping Spring Data JPA repositories in DEFAULT mode.
2022-05-13 00:03:45.451  INFO 18648 --- [restartedMain] .s.d.r.c.RepositoryConfigurationDelegate : Finished Spring Data repository scanning in 153 ms. Found 0 JPA repository interfaces.
2022-05-13 00:03:45.802  INFO 20192 --- [restartedMain] o.s.b.w.embedded.tomcat.TomcatWebServer  : Tomcat initialized with port(s): 8080 (http)
2022-05-13 00:03:46.317  INFO 20192 --- [restartedMain] o.apache.catalina.core.StandardService   : Starting service [Tomcat]
2022-05-13 00:03:46.319  INFO 20192 --- [restartedMain] org.apache.catalina.core.StandardEngine  : Starting Servlet engine: [Apache Tomcat/9.0.62]
2022-05-13 00:03:47.593  INFO 20192 --- [restartedMain] o.a.c.c.C.[Tomcat].[localhost].[/]       : Initializing Spring embedded WebApplicationContext
2022-05-13 00:03:47.595  INFO 20192 --- [restartedMain] w.s.c.ServletWebServerApplicationContext : Root WebApplicationContext: initialization completed in 15186 ms
2022-05-13 00:03:56.320  INFO 18648 --- [restartedMain] o.s.b.w.embedded.tomcat.TomcatWebServer  : Tomcat initialized with port(s): 8080 (http)
2022-05-13 00:03:56.360  INFO 18648 --- [restartedMain] o.apache.catalina.core.StandardService   : Starting service [Tomcat]
2022-05-13 00:03:56.362  INFO 18648 --- [restartedMain] org.apache.catalina.core.StandardEngine  : Starting Servlet engine: [Apache Tomcat/9.0.62]
2022-05-13 00:03:56.704  INFO 20192 --- [restartedMain] o.hibernate.jpa.internal.util.LogHelper  : HHH000204: Processing PersistenceUnitInfo [name: default]
2022-05-13 00:03:57.108  INFO 20192 --- [restartedMain] org.hibernate.Version                    : HHH000412: Hibernate ORM core version 5.6.8.Final
2022-05-13 00:03:57.505  INFO 18648 --- [restartedMain] o.a.c.c.C.[Tomcat].[localhost].[/]       : Initializing Spring embedded WebApplicationContext
2022-05-13 00:03:57.507  INFO 18648 --- [restartedMain] w.s.c.ServletWebServerApplicationContext : Root WebApplicationContext: initialization completed in 17768 ms
2022-05-13 00:03:59.565  INFO 20192 --- [restartedMain] o.hibernate.annotations.common.Version   : HCANN000001: Hibernate Commons Annotations {5.1.2.Final}
2022-05-13 00:04:01.217  INFO 20192 --- [restartedMain] com.zaxxer.hikari.HikariDataSource       : HikariPool-1 - Starting...
2022-05-13 00:04:01.261  WARN 20192 --- [restartedMain] com.zaxxer.hikari.util.DriverDataSource  : Registered driver with driverClassName=com.mysql.jdbc.Driver was not found, trying direct instantiation.
2022-05-13 00:04:02.471  INFO 20192 --- [restartedMain] com.zaxxer.hikari.HikariDataSource       : HikariPool-1 - Start completed.
2022-05-13 00:04:02.566  INFO 20192 --- [restartedMain] org.hibernate.dialect.Dialect            : HHH000400: Using dialect: org.hibernate.dialect.MySQL5InnoDBDialect
2022-05-13 00:04:04.775  INFO 20192 --- [restartedMain] o.h.e.t.j.p.i.JtaPlatformInitiator       : HHH000490: Using JtaPlatform implementation: [org.hibernate.engine.transaction.jta.platform.internal.NoJtaPlatform]
2022-05-13 00:04:04.801  INFO 20192 --- [restartedMain] j.LocalContainerEntityManagerFactoryBean : Initialized JPA EntityManagerFactory for persistence unit 'default'
2022-05-13 00:04:07.731  WARN 20192 --- [restartedMain] JpaBaseConfiguration$JpaWebConfiguration : spring.jpa.open-in-view is enabled by default. Therefore, database queries may be performed during view rendering. Explicitly configure spring.jpa.open-in-view to disable this warning
2022-05-13 00:04:08.639  INFO 20192 --- [restartedMain] o.s.b.a.w.s.WelcomePageHandlerMapping    : Adding welcome page template: index
2022-05-13 00:04:09.173  INFO 18648 --- [restartedMain] o.hibernate.jpa.internal.util.LogHelper  : HHH000204: Processing PersistenceUnitInfo [name: default]
2022-05-13 00:04:09.326  INFO 18648 --- [restartedMain] org.hibernate.Version                    : HHH000412: Hibernate ORM core version 5.6.8.Final
2022-05-13 00:04:09.477  INFO 20192 --- [restartedMain] o.s.b.d.a.OptionalLiveReloadServer       : LiveReload server is running on port 35729
2022-05-13 00:04:09.591  INFO 20192 --- [restartedMain] o.s.b.w.embedded.tomcat.TomcatWebServer  : Tomcat started on port(s): 8080 (http) with context path ''
2022-05-13 00:04:09.614  INFO 20192 --- [restartedMain] kr.co.farmstory.FarmstoryApplication     : Started FarmstoryApplication in 39.831 seconds (JVM running for 45.096)
2022-05-13 00:04:09.743  INFO 18648 --- [restartedMain] o.hibernate.annotations.common.Version   : HCANN000001: Hibernate Commons Annotations {5.1.2.Final}
2022-05-13 00:04:10.009  INFO 18648 --- [restartedMain] com.zaxxer.hikari.HikariDataSource       : HikariPool-1 - Starting...
2022-05-13 00:04:10.020  WARN 18648 --- [restartedMain] com.zaxxer.hikari.util.DriverDataSource  : Registered driver with driverClassName=com.mysql.jdbc.Driver was not found, trying direct instantiation.
2022-05-13 00:04:10.419  INFO 18648 --- [restartedMain] com.zaxxer.hikari.HikariDataSource       : HikariPool-1 - Start completed.
2022-05-13 00:04:10.453  INFO 18648 --- [restartedMain] org.hibernate.dialect.Dialect            : HHH000400: Using dialect: org.hibernate.dialect.MySQL5InnoDBDialect
2022-05-13 00:04:11.464  INFO 18648 --- [restartedMain] o.h.e.t.j.p.i.JtaPlatformInitiator       : HHH000490: Using JtaPlatform implementation: [org.hibernate.engine.transaction.jta.platform.internal.NoJtaPlatform]
2022-05-13 00:04:11.486  INFO 18648 --- [restartedMain] j.LocalContainerEntityManagerFactoryBean : Initialized JPA EntityManagerFactory for persistence unit 'default'
2022-05-13 00:04:12.134  WARN 18648 --- [restartedMain] JpaBaseConfiguration$JpaWebConfiguration : spring.jpa.open-in-view is enabled by default. Therefore, database queries may be performed during view rendering. Explicitly configure spring.jpa.open-in-view to disable this warning
2022-05-13 00:04:12.499  INFO 18648 --- [restartedMain] o.s.b.a.w.s.WelcomePageHandlerMapping    : Adding welcome page template: index
2022-05-13 00:04:13.108  WARN 18648 --- [restartedMain] o.s.b.d.a.OptionalLiveReloadServer       : Unable to start LiveReload server
2022-05-13 00:04:13.144  WARN 18648 --- [restartedMain] ConfigServletWebServerApplicationContext : Exception encountered during context initialization - cancelling refresh attempt: org.springframework.context.ApplicationContextException: Failed to start bean 'webServerStartStop'; nested exception is org.springframework.boot.web.server.PortInUseException: Port 8080 is already in use
2022-05-13 00:04:13.149  INFO 18648 --- [restartedMain] j.LocalContainerEntityManagerFactoryBean : Closing JPA EntityManagerFactory for persistence unit 'default'
2022-05-13 00:04:13.155  INFO 18648 --- [restartedMain] com.zaxxer.hikari.HikariDataSource       : HikariPool-1 - Shutdown initiated...
2022-05-13 00:04:13.167  INFO 18648 --- [restartedMain] com.zaxxer.hikari.HikariDataSource       : HikariPool-1 - Shutdown completed.
2022-05-13 00:04:13.170  INFO 18648 --- [restartedMain] o.apache.catalina.core.StandardService   : Stopping service [Tomcat]
2022-05-13 00:04:13.190  INFO 18648 --- [restartedMain] ConditionEvaluationReportLoggingListener : 

Error starting ApplicationContext. To display the conditions report re-run your application with 'debug' enabled.
2022-05-13 00:04:13.228 ERROR 18648 --- [restartedMain] o.s.b.d.LoggingFailureAnalysisReporter   : 

***************************
APPLICATION FAILED TO START
***************************

Description:

Web server failed to start. Port 8080 was already in use.

Action:

Identify and stop the process that's listening on port 8080 or configure this application to listen on another port.

2022-05-13 00:04:19.325  INFO 20192 --- [http-nio-8080-exec-1] o.a.c.c.C.[Tomcat].[localhost].[/]       : Initializing Spring DispatcherServlet 'dispatcherServlet'
2022-05-13 00:04:19.326  INFO 20192 --- [http-nio-8080-exec-1] o.s.web.servlet.DispatcherServlet        : Initializing Servlet 'dispatcherServlet'
2022-05-13 00:04:19.328  INFO 20192 --- [http-nio-8080-exec-1] o.s.web.servlet.DispatcherServlet        : Completed initialization in 2 ms
2022-05-13 00:05:07.702  INFO 20192 --- [RMI TCP Connection(5)-127.0.0.1] inMXBeanRegistrar$SpringApplicationAdmin : Application shutdown requested.
2022-05-13 00:05:07.791  INFO 20192 --- [RMI TCP Connection(5)-127.0.0.1] j.LocalContainerEntityManagerFactoryBean : Closing JPA EntityManagerFactory for persistence unit 'default'
2022-05-13 00:05:07.797  INFO 20192 --- [RMI TCP Connection(5)-127.0.0.1] com.zaxxer.hikari.HikariDataSource       : HikariPool-1 - Shutdown initiated...
2022-05-13 00:05:07.809  INFO 20192 --- [RMI TCP Connection(5)-127.0.0.1] com.zaxxer.hikari.HikariDataSource       : HikariPool-1 - Shutdown completed.
